Using pre-set license
Built from '2022.3/staging' branch; Version is '2022.3.49f1 (4dae1bb8668d) revision 5090843'; Using compiler version '192829333'; Build Type 'Release'
OS: 'Windows 10  (10.0.19045) 64bit Professional' Language: 'en' Physical Memory: 15790 MB
BatchMode: 1, IsHumanControllingUs: 0, StartBugReporterOnCrash: 0, Is64bit: 1, IsPro: 1

COMMAND LINE ARGUMENTS:
C:\Program Files\Unity\Hub\Editor\2022.3.49f1\Editor\Unity.exe
-adb2
-batchMode
-noUpm
-name
AssetImportWorker3
-projectPath
I:/Unity/Kitchen Academia
-logFile
Logs/AssetImportWorker3.log
-srvPort
64449
Successfully changed project path to: I:/Unity/Kitchen Academia
I:/Unity/Kitchen Academia
[UnityMemory] Configuration Parameters - Can be set up in boot.config
    "memorysetup-bucket-allocator-granularity=16"
    "memorysetup-bucket-allocator-bucket-count=8"
    "memorysetup-bucket-allocator-block-size=33554432"
    "memorysetup-bucket-allocator-block-count=8"
    "memorysetup-main-allocator-block-size=16777216"
    "memorysetup-thread-allocator-block-size=16777216"
    "memorysetup-gfx-main-allocator-block-size=16777216"
    "memorysetup-gfx-thread-allocator-block-size=16777216"
    "memorysetup-cache-allocator-block-size=4194304"
    "memorysetup-typetree-allocator-block-size=2097152"
    "memorysetup-profiler-bucket-allocator-granularity=16"
    "memorysetup-profiler-bucket-allocator-bucket-count=8"
    "memorysetup-profiler-bucket-allocator-block-size=33554432"
    "memorysetup-profiler-bucket-allocator-block-count=8"
    "memorysetup-profiler-allocator-block-size=16777216"
    "memorysetup-profiler-editor-allocator-block-size=1048576"
    "memorysetup-temp-allocator-size-main=16777216"
    "memorysetup-job-temp-allocator-block-size=2097152"
    "memorysetup-job-temp-allocator-block-size-background=1048576"
    "memorysetup-job-temp-allocator-reduction-small-platforms=262144"
    "memorysetup-allocator-temp-initial-block-size-main=262144"
    "memorysetup-allocator-temp-initial-block-size-worker=262144"
    "memorysetup-temp-allocator-size-background-worker=32768"
    "memorysetup-temp-allocator-size-job-worker=262144"
    "memorysetup-temp-allocator-size-preload-manager=33554432"
    "memorysetup-temp-allocator-size-nav-mesh-worker=65536"
    "memorysetup-temp-allocator-size-audio-worker=65536"
    "memorysetup-temp-allocator-size-cloud-worker=32768"
    "memorysetup-temp-allocator-size-gi-baking-worker=262144"
    "memorysetup-temp-allocator-size-gfx=262144"
Player connection [27552]  Target information:

Player connection [27552]  * "[IP] 192.168.56.1 [Port] 0 [Flags] 2 [Guid] 3798960066 [EditorId] 3798960066 [Version] 1048832 [Id] WindowsEditor(7,DESKTOP-D8DVNU4) [Debug] 1 [PackageName] WindowsEditor [ProjectName] Editor" 

Player connection [27552]  * "[IP] 192.168.2.102 [Port] 0 [Flags] 2 [Guid] 3798960066 [EditorId] 3798960066 [Version] 1048832 [Id] WindowsEditor(7,DESKTOP-D8DVNU4) [Debug] 1 [PackageName] WindowsEditor [ProjectName] Editor" 

Player connection [27552] Host joined multi-casting on [225.0.0.222:54997]...
Player connection [27552] Host joined alternative multi-casting on [225.0.0.222:34997]...
[PhysX] Initialized MultithreadedTaskDispatcher with 16 workers.
Refreshing native plugins compatible for Editor in 65.79 ms, found 8 plugins.
Preloading 0 native plugins for Editor in 0.00 ms.
Initialize engine version: 2022.3.49f1 (4dae1bb8668d)
[Subsystems] Discovering subsystems at path C:/Program Files/Unity/Hub/Editor/2022.3.49f1/Editor/Data/Resources/UnitySubsystems
[Subsystems] Discovering subsystems at path I:/Unity/Kitchen Academia/Assets
GfxDevice: creating device client; threaded=0; jobified=0
Direct3D:
    Version:  Direct3D 11.0 [level 11.1]
    Renderer: NVIDIA GeForce RTX 3050 Laptop GPU (ID=0x25a2)
    Vendor:   NVIDIA
    VRAM:     3964 MB
    Driver:   31.0.15.5222
Initialize mono
Mono path[0] = 'C:/Program Files/Unity/Hub/Editor/2022.3.49f1/Editor/Data/Managed'
Mono path[1] = 'C:/Program Files/Unity/Hub/Editor/2022.3.49f1/Editor/Data/MonoBleedingEdge/lib/mono/unityjit-win32'
Mono config path = 'C:/Program Files/Unity/Hub/Editor/2022.3.49f1/Editor/Data/MonoBleedingEdge/etc'
Using monoOptions --debugger-agent=transport=dt_socket,embedding=1,server=y,suspend=n,address=127.0.0.1:56848
Begin MonoManager ReloadAssembly
Registering precompiled unity dll's ...
Register platform support module: C:/Program Files/Unity/Hub/Editor/2022.3.49f1/Editor/Data/PlaybackEngines/AndroidPlayer/UnityEditor.Android.Extensions.dll
Register platform support module: C:/Program Files/Unity/Hub/Editor/2022.3.49f1/Editor/Data/PlaybackEngines/WindowsStandaloneSupport/UnityEditor.WindowsStandalone.Extensions.dll
Registered in 0.020495 seconds.
- Loaded All Assemblies, in  0.861 seconds
Native extension for WindowsStandalone target not found
Native extension for Android target not found
Android Extension - Scanning For ADB Devices 276 ms
Mono: successfully reloaded assembly
- Finished resetting the current domain, in  0.706 seconds
Domain Reload Profiling: 1563ms
	BeginReloadAssembly (232ms)
		ExecutionOrderSort (0ms)
		DisableScriptedObjects (0ms)
		BackupInstance (0ms)
		ReleaseScriptingObjects (0ms)
		CreateAndSetChildDomain (1ms)
	RebuildCommonClasses (68ms)
	RebuildNativeTypeToScriptingClass (16ms)
	initialDomainReloadingComplete (181ms)
	LoadAllAssembliesAndSetupDomain (359ms)
		LoadAssemblies (226ms)
		RebuildTransferFunctionScriptingTraits (0ms)
		AnalyzeDomain (354ms)
			TypeCache.Refresh (352ms)
				TypeCache.ScanAssembly (335ms)
			ScanForSourceGeneratedMonoScriptInfo (0ms)
			ResolveRequiredComponents (0ms)
	FinalizeReload (706ms)
		ReleaseScriptCaches (0ms)
		RebuildScriptCaches (0ms)
		SetupLoadedEditorAssemblies (631ms)
			LogAssemblyErrors (0ms)
			InitializePlatformSupportModulesInManaged (451ms)
			SetLoadedEditorAssemblies (4ms)
			RefreshPlugins (0ms)
			BeforeProcessingInitializeOnLoad (2ms)
			ProcessInitializeOnLoadAttributes (119ms)
			ProcessInitializeOnLoadMethodAttributes (56ms)
			AfterProcessingInitializeOnLoad (0ms)
			EditorAssembliesLoaded (0ms)
		ExecutionOrderSort2 (0ms)
		AwakeInstancesAfterBackupRestoration (0ms)
========================================================================
Worker process is ready to serve import requests
Caller must complete domain reload
Begin MonoManager ReloadAssembly
- Loaded All Assemblies, in  0.750 seconds
Native extension for WindowsStandalone target not found
Native extension for Android target not found
Package Manager log level set to [2]
[Package Manager] Server::EnsureServerProcessIsRunning -- launch failed, reason: Unity was launched with the -noUpm command-line argument
[Package Manager] UpmClient::Send -- Unable to send message (not connected to UPM process).
[Package Manager] Cannot connect to Unity Package Manager local server
[Package Manager] Server::EnsureServerProcessIsRunning -- launch failed, reason: Unity was launched with the -noUpm command-line argument
[Package Manager] UpmClient::Send -- Unable to send message (not connected to UPM process).
[Package Manager] Cannot connect to Unity Package Manager local server
Mono: successfully reloaded assembly
[Package Manager] Server::EnsureServerProcessIsRunning -- launch failed, reason: Unity was launched with the -noUpm command-line argument
[Package Manager] UpmClient::Send -- Unable to send message (not connected to UPM process).
[Package Manager] Cannot connect to Unity Package Manager local server
[Package Manager] Server::EnsureServerProcessIsRunning -- launch failed, reason: Unity was launched with the -noUpm command-line argument
[Package Manager] UpmClient::Send -- Unable to send message (not connected to UPM process).
[Package Manager] Cannot connect to Unity Package Manager local server
- Finished resetting the current domain, in  0.821 seconds
Domain Reload Profiling: 1570ms
	BeginReloadAssembly (146ms)
		ExecutionOrderSort (0ms)
		DisableScriptedObjects (5ms)
		BackupInstance (0ms)
		ReleaseScriptingObjects (0ms)
		CreateAndSetChildDomain (22ms)
	RebuildCommonClasses (33ms)
	RebuildNativeTypeToScriptingClass (13ms)
	initialDomainReloadingComplete (43ms)
	LoadAllAssembliesAndSetupDomain (513ms)
		LoadAssemblies (345ms)
		RebuildTransferFunctionScriptingTraits (0ms)
		AnalyzeDomain (246ms)
			TypeCache.Refresh (198ms)
				TypeCache.ScanAssembly (181ms)
			ScanForSourceGeneratedMonoScriptInfo (25ms)
			ResolveRequiredComponents (22ms)
	FinalizeReload (822ms)
		ReleaseScriptCaches (0ms)
		RebuildScriptCaches (0ms)
		SetupLoadedEditorAssemblies (636ms)
			LogAssemblyErrors (0ms)
			InitializePlatformSupportModulesInManaged (18ms)
			SetLoadedEditorAssemblies (3ms)
			RefreshPlugins (0ms)
			BeforeProcessingInitializeOnLoad (72ms)
			ProcessInitializeOnLoadAttributes (404ms)
			ProcessInitializeOnLoadMethodAttributes (130ms)
			AfterProcessingInitializeOnLoad (9ms)
			EditorAssembliesLoaded (0ms)
		ExecutionOrderSort2 (0ms)
		AwakeInstancesAfterBackupRestoration (6ms)
Launched and connected shader compiler UnityShaderCompiler.exe after 0.08 seconds
Refreshing native plugins compatible for Editor in 9.59 ms, found 8 plugins.
Preloading 0 native plugins for Editor in 0.00 ms.
Unloading 4931 Unused Serialized files (Serialized files now loaded: 0)
Unloading 75 unused Assets / (0.9 MB). Loaded Objects now: 5393.
Memory consumption went from 195.1 MB to 194.2 MB.
Total: 5.173100 ms (FindLiveObjects: 0.523200 ms CreateObjectMapping: 0.410600 ms MarkObjects: 3.759700 ms  DeleteObjects: 0.477900 ms)

AssetImportParameters requested are different than current active one (requested -> active):
  custom:container-demuxer-ogg: 62fdf1f143b41e24485cea50d1cbac27 -> 
  custom:video-decoder-ogg-theora: a1e56fd34408186e4bbccfd4996cb3dc -> 
  custom:framework-win-MediaFoundation: 216162199b28c13a410421893ffa2e32 -> 
  custom:CustomObjectIndexerAttribute: 72b91833f83ae208fae7752999fa3104 -> 
  custom:container-demuxer-webm: 4f35f7cbe854078d1ac9338744f61a02 -> 
  custom:container-muxer-webm: aa71ff27fc2769a1b78a27578f13a17b -> 
  custom:video-decoder-webm-vp8: 9c59270c3fd7afecdb556c50c9e8de78 -> 
  custom:SearchIndexIgnoredProperties: e643bd26f0fe6173181afceb89e7c659 -> 
  custom:AudioImporter_EditorPlatform: d09bf68614088b80899f8185d706f6e7 -> 
  custom:video-encoder-webm-vp8: eb34c28f22e8b96e1ab97ce403110664 -> 
  custom:audio-decoder-ogg-vorbis: bf7c407c2cedff20999df2af8eb42d56 -> 
  custom:audio-encoder-webm-vorbis: bf7c407c2cedff20999df2af8eb42d56 -> 
========================================================================
Received Import Request.
  Time since last request: 178667.446135 seconds.
  path: Assets/RPG FOOD PROPS/UNIVERSAL RENDER PIPELINE/Textures/Sausage_DefaultMaterial_MetallicSmoothness.png
  artifactKey: Guid(31bf9a3cbc6b018469d145e15c89a015) Importer(815301076,1909f56bfc062723c751e8b465ee728b)
Start importing Assets/RPG FOOD PROPS/UNIVERSAL RENDER PIPELINE/Textures/Sausage_DefaultMaterial_MetallicSmoothness.png using Guid(31bf9a3cbc6b018469d145e15c89a015) Importer(815301076,1909f56bfc062723c751e8b465ee728b) [PhysX] Initialized MultithreadedTaskDispatcher with 16 workers.
[PhysX] Initialized MultithreadedTaskDispatcher with 16 workers.
 -> (artifact id: 'e9944c3fcef9cd269406d7c1ec99e2b2') in 0.207426 seconds
Number of updated asset objects reloaded before import = 0
Number of asset objects unloaded after import = 2
========================================================================
Received Import Request.
  Time since last request: 0.000030 seconds.
  path: Assets/RPG FOOD PROPS/UNIVERSAL RENDER PIPELINE/Textures/Bottle1_DefaultMaterial_MetallicSmoothness.png
  artifactKey: Guid(f8ea441d9c4f3214bb009265a946eb7f) Importer(815301076,1909f56bfc062723c751e8b465ee728b)
Start importing Assets/RPG FOOD PROPS/UNIVERSAL RENDER PIPELINE/Textures/Bottle1_DefaultMaterial_MetallicSmoothness.png using Guid(f8ea441d9c4f3214bb009265a946eb7f) Importer(815301076,1909f56bfc062723c751e8b465ee728b) [PhysX] Initialized MultithreadedTaskDispatcher with 16 workers.
[PhysX] Initialized MultithreadedTaskDispatcher with 16 workers.
 -> (artifact id: '9c881a95ed1b0f3dda2985cc509a2024') in 0.048566 seconds
Number of updated asset objects reloaded before import = 0
Number of asset objects unloaded after import = 2
========================================================================
Received Import Request.
  Time since last request: 0.000722 seconds.
  path: Assets/RPG FOOD PROPS/UNIVERSAL RENDER PIPELINE/Textures/Cheese1_DefaultMaterial_Normal.png
  artifactKey: Guid(8409a248e4e69c24480a86c09b9a78d4) Importer(815301076,1909f56bfc062723c751e8b465ee728b)
Start importing Assets/RPG FOOD PROPS/UNIVERSAL RENDER PIPELINE/Textures/Cheese1_DefaultMaterial_Normal.png using Guid(8409a248e4e69c24480a86c09b9a78d4) Importer(815301076,1909f56bfc062723c751e8b465ee728b) [PhysX] Initialized MultithreadedTaskDispatcher with 16 workers.
[PhysX] Initialized MultithreadedTaskDispatcher with 16 workers.
 -> (artifact id: '6b07836593cc85629ab28926b50fb79c') in 0.092460 seconds
Number of updated asset objects reloaded before import = 0
Number of asset objects unloaded after import = 2
========================================================================
Received Import Request.
  Time since last request: 0.000030 seconds.
  path: Assets/RPG FOOD PROPS/UNIVERSAL RENDER PIPELINE/Textures/Bottle1_DefaultMaterial_Normal.png
  artifactKey: Guid(26c8556bccba9b44184270ab092e42b0) Importer(815301076,1909f56bfc062723c751e8b465ee728b)
Start importing Assets/RPG FOOD PROPS/UNIVERSAL RENDER PIPELINE/Textures/Bottle1_DefaultMaterial_Normal.png using Guid(26c8556bccba9b44184270ab092e42b0) Importer(815301076,1909f56bfc062723c751e8b465ee728b) [PhysX] Initialized MultithreadedTaskDispatcher with 16 workers.
[PhysX] Initialized MultithreadedTaskDispatcher with 16 workers.
 -> (artifact id: '80c77eb3b2340cd0f0d8a8c05209bb32') in 0.059900 seconds
Number of updated asset objects reloaded before import = 0
Number of asset objects unloaded after import = 2
========================================================================
Received Import Request.
  Time since last request: 0.000024 seconds.
  path: Assets/RPG FOOD PROPS/UNIVERSAL RENDER PIPELINE/Textures/Bread2_DefaultMaterial_AO.png
  artifactKey: Guid(175894c60b3e9fd4ca294bde68921dfb) Importer(815301076,1909f56bfc062723c751e8b465ee728b)
Start importing Assets/RPG FOOD PROPS/UNIVERSAL RENDER PIPELINE/Textures/Bread2_DefaultMaterial_AO.png using Guid(175894c60b3e9fd4ca294bde68921dfb) Importer(815301076,1909f56bfc062723c751e8b465ee728b) [PhysX] Initialized MultithreadedTaskDispatcher with 16 workers.
[PhysX] Initialized MultithreadedTaskDispatcher with 16 workers.
 -> (artifact id: 'c2dc4ae43943bf6fb4757b5d7a529311') in 0.078255 seconds
Number of updated asset objects reloaded before import = 0
Number of asset objects unloaded after import = 2
========================================================================
Received Import Request.
  Time since last request: 0.011577 seconds.
  path: Assets/RPG FOOD PROPS/UNIVERSAL RENDER PIPELINE/Textures/Meat1_DefaultMaterial_MetallicSmoothness.png
  artifactKey: Guid(c5dd83fc3ac6f1148b3e23d9c8f5a33a) Importer(815301076,1909f56bfc062723c751e8b465ee728b)
Start importing Assets/RPG FOOD PROPS/UNIVERSAL RENDER PIPELINE/Textures/Meat1_DefaultMaterial_MetallicSmoothness.png using Guid(c5dd83fc3ac6f1148b3e23d9c8f5a33a) Importer(815301076,1909f56bfc062723c751e8b465ee728b) [PhysX] Initialized MultithreadedTaskDispatcher with 16 workers.
[PhysX] Initialized MultithreadedTaskDispatcher with 16 workers.
 -> (artifact id: '548e16d6191680214a2b2a993caec3e6') in 0.035954 seconds
Number of updated asset objects reloaded before import = 0
Number of asset objects unloaded after import = 2
========================================================================
Received Import Request.
  Time since last request: 0.006971 seconds.
  path: Assets/RPG FOOD PROPS/UNIVERSAL RENDER PIPELINE/Textures/TraderTable_DefaultMaterial_AlbedoTransparency.png
  artifactKey: Guid(82e962966a7458149a619d43d81fcca1) Importer(815301076,1909f56bfc062723c751e8b465ee728b)
Start importing Assets/RPG FOOD PROPS/UNIVERSAL RENDER PIPELINE/Textures/TraderTable_DefaultMaterial_AlbedoTransparency.png using Guid(82e962966a7458149a619d43d81fcca1) Importer(815301076,1909f56bfc062723c751e8b465ee728b) [PhysX] Initialized MultithreadedTaskDispatcher with 16 workers.
[PhysX] Initialized MultithreadedTaskDispatcher with 16 workers.
 -> (artifact id: '321fcf06b4f9419ebd16fbb4005cd5f0') in 0.055687 seconds
Number of updated asset objects reloaded before import = 0
Number of asset objects unloaded after import = 2
========================================================================
Received Import Request.
  Time since last request: 0.009190 seconds.
  path: Assets/RPG FOOD PROPS/UNIVERSAL RENDER PIPELINE/Textures/Watermelon_DefaultMaterial_Normal.png
  artifactKey: Guid(7ed8b3e8b620dd34c97003c6f6202dcf) Importer(815301076,1909f56bfc062723c751e8b465ee728b)
Start importing Assets/RPG FOOD PROPS/UNIVERSAL RENDER PIPELINE/Textures/Watermelon_DefaultMaterial_Normal.png using Guid(7ed8b3e8b620dd34c97003c6f6202dcf) Importer(815301076,1909f56bfc062723c751e8b465ee728b) [PhysX] Initialized MultithreadedTaskDispatcher with 16 workers.
[PhysX] Initialized MultithreadedTaskDispatcher with 16 workers.
 -> (artifact id: 'fd4fa00045a8903784ad24ac3cacc7f6') in 0.065333 seconds
Number of updated asset objects reloaded before import = 0
Number of asset objects unloaded after import = 2
========================================================================
Received Import Request.
  Time since last request: 0.000048 seconds.
  path: Assets/RPG FOOD PROPS/UNIVERSAL RENDER PIPELINE/Textures/WoodenBox1_DefaultMaterial_AlbedoTransparency.png
  artifactKey: Guid(8e346140a52487c4caccf81131a93df6) Importer(815301076,1909f56bfc062723c751e8b465ee728b)
Start importing Assets/RPG FOOD PROPS/UNIVERSAL RENDER PIPELINE/Textures/WoodenBox1_DefaultMaterial_AlbedoTransparency.png using Guid(8e346140a52487c4caccf81131a93df6) Importer(815301076,1909f56bfc062723c751e8b465ee728b) [PhysX] Initialized MultithreadedTaskDispatcher with 16 workers.
[PhysX] Initialized MultithreadedTaskDispatcher with 16 workers.
 -> (artifact id: '64b3a7306a680d86bf74ff5dca77f05a') in 0.077742 seconds
Number of updated asset objects reloaded before import = 0
Number of asset objects unloaded after import = 2
========================================================================
Received Import Request.
  Time since last request: 0.000032 seconds.
  path: Assets/RPG FOOD PROPS/UNIVERSAL RENDER PIPELINE/Textures/WoodenBox2_DefaultMaterial_Normal.png
  artifactKey: Guid(b41e647362836454d8dce962c5a032c8) Importer(815301076,1909f56bfc062723c751e8b465ee728b)
Start importing Assets/RPG FOOD PROPS/UNIVERSAL RENDER PIPELINE/Textures/WoodenBox2_DefaultMaterial_Normal.png using Guid(b41e647362836454d8dce962c5a032c8) Importer(815301076,1909f56bfc062723c751e8b465ee728b) [PhysX] Initialized MultithreadedTaskDispatcher with 16 workers.
[PhysX] Initialized MultithreadedTaskDispatcher with 16 workers.
 -> (artifact id: '7cb05c7d0d73646c79866edf922aa53f') in 0.061718 seconds
Number of updated asset objects reloaded before import = 0
Number of asset objects unloaded after import = 2
========================================================================
Received Import Request.
  Time since last request: 0.000025 seconds.
  path: Assets/RPG FOOD PROPS/UNIVERSAL RENDER PIPELINE/Textures/WoodenBox1_DefaultMaterial_AO.png
  artifactKey: Guid(92262e1520a06bc46bda1a12573de388) Importer(815301076,1909f56bfc062723c751e8b465ee728b)
Start importing Assets/RPG FOOD PROPS/UNIVERSAL RENDER PIPELINE/Textures/WoodenBox1_DefaultMaterial_AO.png using Guid(92262e1520a06bc46bda1a12573de388) Importer(815301076,1909f56bfc062723c751e8b465ee728b) [PhysX] Initialized MultithreadedTaskDispatcher with 16 workers.
[PhysX] Initialized MultithreadedTaskDispatcher with 16 workers.
 -> (artifact id: 'be6cfb92887e7de766de88de3276c1d9') in 0.095021 seconds
Number of updated asset objects reloaded before import = 0
Number of asset objects unloaded after import = 2
========================================================================
Received Import Request.
  Time since last request: 0.000046 seconds.
  path: Assets/RPG FOOD PROPS/UNIVERSAL RENDER PIPELINE/Textures/Watermelon_DefaultMaterial_AO.png
  artifactKey: Guid(e25f2bd00db03564db42d5027797bc3e) Importer(815301076,1909f56bfc062723c751e8b465ee728b)
Start importing Assets/RPG FOOD PROPS/UNIVERSAL RENDER PIPELINE/Textures/Watermelon_DefaultMaterial_AO.png using Guid(e25f2bd00db03564db42d5027797bc3e) Importer(815301076,1909f56bfc062723c751e8b465ee728b) [PhysX] Initialized MultithreadedTaskDispatcher with 16 workers.
[PhysX] Initialized MultithreadedTaskDispatcher with 16 workers.
 -> (artifact id: '449821d415bc8460fca30013213938bc') in 0.068354 seconds
Number of updated asset objects reloaded before import = 0
Number of asset objects unloaded after import = 2
========================================================================
Received Import Request.
  Time since last request: 0.000023 seconds.
  path: Assets/RPG FOOD PROPS/UNIVERSAL RENDER PIPELINE/Textures/TraderTable_DefaultMaterial_Normal.png
  artifactKey: Guid(4c8d3cb96a6ed694fa0d4116e5f3c9ae) Importer(815301076,1909f56bfc062723c751e8b465ee728b)
Start importing Assets/RPG FOOD PROPS/UNIVERSAL RENDER PIPELINE/Textures/TraderTable_DefaultMaterial_Normal.png using Guid(4c8d3cb96a6ed694fa0d4116e5f3c9ae) Importer(815301076,1909f56bfc062723c751e8b465ee728b) [PhysX] Initialized MultithreadedTaskDispatcher with 16 workers.
[PhysX] Initialized MultithreadedTaskDispatcher with 16 workers.
 -> (artifact id: 'e5ff6617fd63076d718959ac14f47c29') in 0.081154 seconds
Number of updated asset objects reloaded before import = 0
Number of asset objects unloaded after import = 2
========================================================================
Received Import Request.
  Time since last request: 3.253287 seconds.
  path: Assets/RPG FOOD PROPS/UNIVERSAL RENDER PIPELINE/Meshs/Bottle1_Collider.fbx
  artifactKey: Guid(dbdead47eb61aa54b8e968b41ad509ee) Importer(815301076,1909f56bfc062723c751e8b465ee728b)
Start importing Assets/RPG FOOD PROPS/UNIVERSAL RENDER PIPELINE/Meshs/Bottle1_Collider.fbx using Guid(dbdead47eb61aa54b8e968b41ad509ee) Importer(815301076,1909f56bfc062723c751e8b465ee728b) [PhysX] Initialized MultithreadedTaskDispatcher with 16 workers.
[PhysX] Initialized MultithreadedTaskDispatcher with 16 workers.
[PhysX] Initialized MultithreadedTaskDispatcher with 16 workers.
 -> (artifact id: '378977360c75a0467197f5a31c93aff3') in 0.069594 seconds
Number of updated asset objects reloaded before import = 0
Number of asset objects unloaded after import = 7
========================================================================
Received Import Request.
  Time since last request: 0.000037 seconds.
  path: Assets/RPG FOOD PROPS/UNIVERSAL RENDER PIPELINE/Meshs/Watermelon.fbx
  artifactKey: Guid(1e8b5c7afecf5e844aaea76f9f27014b) Importer(815301076,1909f56bfc062723c751e8b465ee728b)
Start importing Assets/RPG FOOD PROPS/UNIVERSAL RENDER PIPELINE/Meshs/Watermelon.fbx using Guid(1e8b5c7afecf5e844aaea76f9f27014b) Importer(815301076,1909f56bfc062723c751e8b465ee728b) [PhysX] Initialized MultithreadedTaskDispatcher with 16 workers.
[PhysX] Initialized MultithreadedTaskDispatcher with 16 workers.
[PhysX] Initialized MultithreadedTaskDispatcher with 16 workers.
 -> (artifact id: '4551d80b2a1747614a9a7789d841327c') in 0.030599 seconds
Number of updated asset objects reloaded before import = 0
Number of asset objects unloaded after import = 7
========================================================================
Received Import Request.
  Time since last request: 0.000029 seconds.
  path: Assets/RPG FOOD PROPS/UNIVERSAL RENDER PIPELINE/Meshs/TraderTent_Collider.fbx
  artifactKey: Guid(55ff8697254b99248a3ad8fa213fc1cd) Importer(815301076,1909f56bfc062723c751e8b465ee728b)
Start importing Assets/RPG FOOD PROPS/UNIVERSAL RENDER PIPELINE/Meshs/TraderTent_Collider.fbx using Guid(55ff8697254b99248a3ad8fa213fc1cd) Importer(815301076,1909f56bfc062723c751e8b465ee728b) [PhysX] Initialized MultithreadedTaskDispatcher with 16 workers.
[PhysX] Initialized MultithreadedTaskDispatcher with 16 workers.
[PhysX] Initialized MultithreadedTaskDispatcher with 16 workers.
 -> (artifact id: '006d04b72ebcb805e26a087a8f902db0') in 0.026963 seconds
Number of updated asset objects reloaded before import = 0
Number of asset objects unloaded after import = 7
========================================================================
Received Import Request.
  Time since last request: 0.000022 seconds.
  path: Assets/RPG FOOD PROPS/UNIVERSAL RENDER PIPELINE/Meshs/Pumpkin_Collider.fbx
  artifactKey: Guid(db75d0cb394ccc449a0cad2517c7f6ad) Importer(815301076,1909f56bfc062723c751e8b465ee728b)
Start importing Assets/RPG FOOD PROPS/UNIVERSAL RENDER PIPELINE/Meshs/Pumpkin_Collider.fbx using Guid(db75d0cb394ccc449a0cad2517c7f6ad) Importer(815301076,1909f56bfc062723c751e8b465ee728b) [PhysX] Initialized MultithreadedTaskDispatcher with 16 workers.
[PhysX] Initialized MultithreadedTaskDispatcher with 16 workers.
[PhysX] Initialized MultithreadedTaskDispatcher with 16 workers.
 -> (artifact id: '291112cb3c5e5f0a9e538f9239eeb30a') in 0.044893 seconds
Number of updated asset objects reloaded before import = 0
Number of asset objects unloaded after import = 7
========================================================================
Received Import Request.
  Time since last request: 0.000018 seconds.
  path: Assets/RPG FOOD PROPS/UNIVERSAL RENDER PIPELINE/Meshs/WoodenBox2.fbx
  artifactKey: Guid(462a7b84d13f1454d8143fbc6ad96db7) Importer(815301076,1909f56bfc062723c751e8b465ee728b)
Start importing Assets/RPG FOOD PROPS/UNIVERSAL RENDER PIPELINE/Meshs/WoodenBox2.fbx using Guid(462a7b84d13f1454d8143fbc6ad96db7) Importer(815301076,1909f56bfc062723c751e8b465ee728b) [PhysX] Initialized MultithreadedTaskDispatcher with 16 workers.
[PhysX] Initialized MultithreadedTaskDispatcher with 16 workers.
[PhysX] Initialized MultithreadedTaskDispatcher with 16 workers.
 -> (artifact id: '63955ea9df815678b2c9dc12c4604319') in 0.028763 seconds
Number of updated asset objects reloaded before import = 0
Number of asset objects unloaded after import = 7
========================================================================
Received Import Request.
  Time since last request: 0.000022 seconds.
  path: Assets/RPG FOOD PROPS/UNIVERSAL RENDER PIPELINE/Meshs/Bottle2.fbx
  artifactKey: Guid(94140bda14e1c4b4d9a36623d2c4557d) Importer(815301076,1909f56bfc062723c751e8b465ee728b)
Start importing Assets/RPG FOOD PROPS/UNIVERSAL RENDER PIPELINE/Meshs/Bottle2.fbx using Guid(94140bda14e1c4b4d9a36623d2c4557d) Importer(815301076,1909f56bfc062723c751e8b465ee728b) [PhysX] Initialized MultithreadedTaskDispatcher with 16 workers.
[PhysX] Initialized MultithreadedTaskDispatcher with 16 workers.
[PhysX] Initialized MultithreadedTaskDispatcher with 16 workers.
 -> (artifact id: 'e4afb403f156226ce8c7776b5b87388f') in 0.024308 seconds
Number of updated asset objects reloaded before import = 0
Number of asset objects unloaded after import = 7
========================================================================
Received Import Request.
  Time since last request: 0.000021 seconds.
  path: Assets/RPG FOOD PROPS/UNIVERSAL RENDER PIPELINE/Meshs/Cheese2.fbx
  artifactKey: Guid(a2392be49cce2a247bea85ae3e8470a7) Importer(815301076,1909f56bfc062723c751e8b465ee728b)
Start importing Assets/RPG FOOD PROPS/UNIVERSAL RENDER PIPELINE/Meshs/Cheese2.fbx using Guid(a2392be49cce2a247bea85ae3e8470a7) Importer(815301076,1909f56bfc062723c751e8b465ee728b) [PhysX] Initialized MultithreadedTaskDispatcher with 16 workers.
[PhysX] Initialized MultithreadedTaskDispatcher with 16 workers.
[PhysX] Initialized MultithreadedTaskDispatcher with 16 workers.
 -> (artifact id: '7e9149da961e43984e7f57841067a040') in 0.038529 seconds
Number of updated asset objects reloaded before import = 0
Number of asset objects unloaded after import = 7
========================================================================
Received Import Request.
  Time since last request: 0.000031 seconds.
  path: Assets/RPG FOOD PROPS/UNIVERSAL RENDER PIPELINE/Meshs/TraderTable_Collider.fbx
  artifactKey: Guid(46e596752febf0345aa33ea6f28e5b91) Importer(815301076,1909f56bfc062723c751e8b465ee728b)
Start importing Assets/RPG FOOD PROPS/UNIVERSAL RENDER PIPELINE/Meshs/TraderTable_Collider.fbx using Guid(46e596752febf0345aa33ea6f28e5b91) Importer(815301076,1909f56bfc062723c751e8b465ee728b) [PhysX] Initialized MultithreadedTaskDispatcher with 16 workers.
[PhysX] Initialized MultithreadedTaskDispatcher with 16 workers.
[PhysX] Initialized MultithreadedTaskDispatcher with 16 workers.
 -> (artifact id: '8fd7932ede6a99a2fcbb323ce6bfa7bf') in 0.021214 seconds
Number of updated asset objects reloaded before import = 0
Number of asset objects unloaded after import = 7
========================================================================
Received Import Request.
  Time since last request: 0.000021 seconds.
  path: Assets/RPG FOOD PROPS/UNIVERSAL RENDER PIPELINE/Meshs/Cheese1.fbx
  artifactKey: Guid(7e20196a3b2212e4baa6a2a6437f6115) Importer(815301076,1909f56bfc062723c751e8b465ee728b)
Start importing Assets/RPG FOOD PROPS/UNIVERSAL RENDER PIPELINE/Meshs/Cheese1.fbx using Guid(7e20196a3b2212e4baa6a2a6437f6115) Importer(815301076,1909f56bfc062723c751e8b465ee728b) [PhysX] Initialized MultithreadedTaskDispatcher with 16 workers.
[PhysX] Initialized MultithreadedTaskDispatcher with 16 workers.
[PhysX] Initialized MultithreadedTaskDispatcher with 16 workers.
 -> (artifact id: '04e197f9b5cff0bd7f055b9f3cd44a06') in 0.026163 seconds
Number of updated asset objects reloaded before import = 0
Number of asset objects unloaded after import = 7
========================================================================
Received Import Request.
  Time since last request: 3.393201 seconds.
  path: Assets/RPG FOOD PROPS/UNIVERSAL RENDER PIPELINE/Materials/Bread1.mat
  artifactKey: Guid(a86ea28e7dc82434e9b7aac3a343b5c5) Importer(815301076,1909f56bfc062723c751e8b465ee728b)
Start importing Assets/RPG FOOD PROPS/UNIVERSAL RENDER PIPELINE/Materials/Bread1.mat using Guid(a86ea28e7dc82434e9b7aac3a343b5c5) Importer(815301076,1909f56bfc062723c751e8b465ee728b) [PhysX] Initialized MultithreadedTaskDispatcher with 16 workers.
[PhysX] Initialized MultithreadedTaskDispatcher with 16 workers.
 -> (artifact id: '0dea9590ed8694396453e3fd9d5d7aa4') in 0.484787 seconds
Number of updated asset objects reloaded before import = 0
Number of asset objects unloaded after import = 5
========================================================================
Received Import Request.
  Time since last request: 0.000029 seconds.
  path: Assets/RPG FOOD PROPS/UNIVERSAL RENDER PIPELINE/Materials/Pumpkin.mat
  artifactKey: Guid(481de955226f3b644aed3fd715558a16) Importer(815301076,1909f56bfc062723c751e8b465ee728b)
Start importing Assets/RPG FOOD PROPS/UNIVERSAL RENDER PIPELINE/Materials/Pumpkin.mat using Guid(481de955226f3b644aed3fd715558a16) Importer(815301076,1909f56bfc062723c751e8b465ee728b) [PhysX] Initialized MultithreadedTaskDispatcher with 16 workers.
[PhysX] Initialized MultithreadedTaskDispatcher with 16 workers.
 -> (artifact id: '068fb49520e154050cadf4cacd6fb3f0') in 0.244215 seconds
Number of updated asset objects reloaded before import = 0
Number of asset objects unloaded after import = 5
========================================================================
Received Import Request.
  Time since last request: 0.000225 seconds.
  path: Assets/RPG FOOD PROPS/UNIVERSAL RENDER PIPELINE/Materials/Orange.mat
  artifactKey: Guid(97427b4e6b7cef141b1fb53c34fb993d) Importer(815301076,1909f56bfc062723c751e8b465ee728b)
Start importing Assets/RPG FOOD PROPS/UNIVERSAL RENDER PIPELINE/Materials/Orange.mat using Guid(97427b4e6b7cef141b1fb53c34fb993d) Importer(815301076,1909f56bfc062723c751e8b465ee728b) [PhysX] Initialized MultithreadedTaskDispatcher with 16 workers.
[PhysX] Initialized MultithreadedTaskDispatcher with 16 workers.
 -> (artifact id: '01029e93cc8313161f977dcc58d447f6') in 0.203604 seconds
Number of updated asset objects reloaded before import = 0
Number of asset objects unloaded after import = 5
========================================================================
Received Import Request.
  Time since last request: 0.000037 seconds.
  path: Assets/RPG FOOD PROPS/UNIVERSAL RENDER PIPELINE/Materials/Meat1.mat
  artifactKey: Guid(74416f31d8332314fb62aa877ea72ebe) Importer(815301076,1909f56bfc062723c751e8b465ee728b)
Start importing Assets/RPG FOOD PROPS/UNIVERSAL RENDER PIPELINE/Materials/Meat1.mat using Guid(74416f31d8332314fb62aa877ea72ebe) Importer(815301076,1909f56bfc062723c751e8b465ee728b) [PhysX] Initialized MultithreadedTaskDispatcher with 16 workers.
[PhysX] Initialized MultithreadedTaskDispatcher with 16 workers.
 -> (artifact id: 'aa486199ad238e9c60d72b96e70dc8a2') in 0.191377 seconds
Number of updated asset objects reloaded before import = 0
Number of asset objects unloaded after import = 5
========================================================================
Received Import Request.
  Time since last request: 0.003450 seconds.
  path: Assets/RPG FOOD PROPS/UNIVERSAL RENDER PIPELINE/Materials/TraderTable.mat
  artifactKey: Guid(34b1ee6d058f25347b5f18269c85777a) Importer(815301076,1909f56bfc062723c751e8b465ee728b)
Start importing Assets/RPG FOOD PROPS/UNIVERSAL RENDER PIPELINE/Materials/TraderTable.mat using Guid(34b1ee6d058f25347b5f18269c85777a) Importer(815301076,1909f56bfc062723c751e8b465ee728b) [PhysX] Initialized MultithreadedTaskDispatcher with 16 workers.
[PhysX] Initialized MultithreadedTaskDispatcher with 16 workers.
 -> (artifact id: '397cddd19cd12341a873150808c181cb') in 0.214301 seconds
Number of updated asset objects reloaded before import = 0
Number of asset objects unloaded after import = 5
========================================================================
Received Import Request.
  Time since last request: 3.973768 seconds.
  path: Assets/RPG FOOD PROPS/HD RENDER PIPELINE/Prefabs/Bread1.prefab
  artifactKey: Guid(f8f22fadb5a4c5648a9c4608c4fae12c) Importer(815301076,1909f56bfc062723c751e8b465ee728b)
Start importing Assets/RPG FOOD PROPS/HD RENDER PIPELINE/Prefabs/Bread1.prefab using Guid(f8f22fadb5a4c5648a9c4608c4fae12c) Importer(815301076,1909f56bfc062723c751e8b465ee728b) [PhysX] Initialized MultithreadedTaskDispatcher with 16 workers.
[PhysX] Initialized MultithreadedTaskDispatcher with 16 workers.
 -> (artifact id: '9c29190046ac870ad57227a87a2eae1f') in 0.220697 seconds
Number of updated asset objects reloaded before import = 0
Number of asset objects unloaded after import = 13
========================================================================
Received Import Request.
  Time since last request: 0.000064 seconds.
  path: Assets/RPG FOOD PROPS/HD RENDER PIPELINE/Prefabs/Meat2.prefab
  artifactKey: Guid(cc2f73682626b9646917cb98a18118b8) Importer(815301076,1909f56bfc062723c751e8b465ee728b)
Start importing Assets/RPG FOOD PROPS/HD RENDER PIPELINE/Prefabs/Meat2.prefab using Guid(cc2f73682626b9646917cb98a18118b8) Importer(815301076,1909f56bfc062723c751e8b465ee728b) [PhysX] Initialized MultithreadedTaskDispatcher with 16 workers.
[PhysX] Initialized MultithreadedTaskDispatcher with 16 workers.
 -> (artifact id: '478ed56f403774a8a5b5f36a9954da18') in 0.384440 seconds
Number of updated asset objects reloaded before import = 0
Number of asset objects unloaded after import = 13
========================================================================
Received Import Request.
  Time since last request: 0.002960 seconds.
  path: Assets/RPG FOOD PROPS/HD RENDER PIPELINE/Prefabs/Sausage.prefab
  artifactKey: Guid(e61ef9477da03724badee54b5cd85393) Importer(815301076,1909f56bfc062723c751e8b465ee728b)
Start importing Assets/RPG FOOD PROPS/HD RENDER PIPELINE/Prefabs/Sausage.prefab using Guid(e61ef9477da03724badee54b5cd85393) Importer(815301076,1909f56bfc062723c751e8b465ee728b) [PhysX] Initialized MultithreadedTaskDispatcher with 16 workers.
[PhysX] Initialized MultithreadedTaskDispatcher with 16 workers.
 -> (artifact id: 'ef64b287c52b89aec23deb69219108b2') in 0.172301 seconds
Number of updated asset objects reloaded before import = 0
Number of asset objects unloaded after import = 13
========================================================================
Received Import Request.
  Time since last request: 0.001489 seconds.
  path: Assets/RPG FOOD PROPS/HD RENDER PIPELINE/Prefabs/WoodenBox1 Bottle1.prefab
  artifactKey: Guid(f4932073194ee504ca9e3fb8f24d4364) Importer(815301076,1909f56bfc062723c751e8b465ee728b)
Start importing Assets/RPG FOOD PROPS/HD RENDER PIPELINE/Prefabs/WoodenBox1 Bottle1.prefab using Guid(f4932073194ee504ca9e3fb8f24d4364) Importer(815301076,1909f56bfc062723c751e8b465ee728b) [PhysX] Initialized MultithreadedTaskDispatcher with 16 workers.
[PhysX] Initialized MultithreadedTaskDispatcher with 16 workers.
 -> (artifact id: '15a491ba0a94b5b074eb142e60bc4951') in 0.316309 seconds
Number of updated asset objects reloaded before import = 0
Number of asset objects unloaded after import = 115
========================================================================
Received Import Request.
  Time since last request: 0.007683 seconds.
  path: Assets/RPG FOOD PROPS/HD RENDER PIPELINE/Prefabs/Cheese2.prefab
  artifactKey: Guid(c5c79ce54a013cc4090b02512e1ad24a) Importer(815301076,1909f56bfc062723c751e8b465ee728b)
Start importing Assets/RPG FOOD PROPS/HD RENDER PIPELINE/Prefabs/Cheese2.prefab using Guid(c5c79ce54a013cc4090b02512e1ad24a) Importer(815301076,1909f56bfc062723c751e8b465ee728b) [PhysX] Initialized MultithreadedTaskDispatcher with 16 workers.
[PhysX] Initialized MultithreadedTaskDispatcher with 16 workers.
 -> (artifact id: '01be584cbe2b2bf83868080ad8e2f83b') in 0.240559 seconds
Number of updated asset objects reloaded before import = 0
Number of asset objects unloaded after import = 13
========================================================================
Received Import Request.
  Time since last request: 0.007897 seconds.
  path: Assets/RPG FOOD PROPS/HD RENDER PIPELINE/Prefabs/Meat1.prefab
  artifactKey: Guid(288659769220f8a4a821ecf326b3d915) Importer(815301076,1909f56bfc062723c751e8b465ee728b)
Start importing Assets/RPG FOOD PROPS/HD RENDER PIPELINE/Prefabs/Meat1.prefab using Guid(288659769220f8a4a821ecf326b3d915) Importer(815301076,1909f56bfc062723c751e8b465ee728b) [PhysX] Initialized MultithreadedTaskDispatcher with 16 workers.
[PhysX] Initialized MultithreadedTaskDispatcher with 16 workers.
 -> (artifact id: 'e5c4d4865241fdd9689e33b7a1812128') in 0.149732 seconds
Number of updated asset objects reloaded before import = 0
Number of asset objects unloaded after import = 13
========================================================================
Received Import Request.
  Time since last request: 0.003903 seconds.
  path: Assets/RPG FOOD PROPS/HD RENDER PIPELINE/Prefabs/Orange.prefab
  artifactKey: Guid(10bdf97ee15cd63418e32fd0f25cec02) Importer(815301076,1909f56bfc062723c751e8b465ee728b)
Start importing Assets/RPG FOOD PROPS/HD RENDER PIPELINE/Prefabs/Orange.prefab using Guid(10bdf97ee15cd63418e32fd0f25cec02) Importer(815301076,1909f56bfc062723c751e8b465ee728b) [PhysX] Initialized MultithreadedTaskDispatcher with 16 workers.
[PhysX] Initialized MultithreadedTaskDispatcher with 16 workers.
 -> (artifact id: '46ff5255e252c7bac99bceec4214f8ce') in 0.173633 seconds
Number of updated asset objects reloaded before import = 0
Number of asset objects unloaded after import = 13
========================================================================
Received Import Request.
  Time since last request: 0.009321 seconds.
  path: Assets/RPG FOOD PROPS/HD RENDER PIPELINE/Prefabs/WoodenBox1 Bottle2.prefab
  artifactKey: Guid(647df69d9ad3b8a4a95b6473edb6643e) Importer(815301076,1909f56bfc062723c751e8b465ee728b)
Start importing Assets/RPG FOOD PROPS/HD RENDER PIPELINE/Prefabs/WoodenBox1 Bottle2.prefab using Guid(647df69d9ad3b8a4a95b6473edb6643e) Importer(815301076,1909f56bfc062723c751e8b465ee728b) [PhysX] Initialized MultithreadedTaskDispatcher with 16 workers.
[PhysX] Initialized MultithreadedTaskDispatcher with 16 workers.
 -> (artifact id: '37f27ba0bb019381b9da131dbe269e23') in 0.159312 seconds
Number of updated asset objects reloaded before import = 0
Number of asset objects unloaded after import = 61
